0 info it worked if it ends with ok
1 verbose cli [ 'C:\\Program Files\\nodejs\\node.exe',
1 verbose cli   'C:\\Program Files\\nodejs\\node_modules\\npm\\bin\\npm-cli.js',
1 verbose cli   'start' ]
2 info using npm@3.10.8
3 info using node@v6.9.1
4 verbose run-script [ 'prestart', 'start', 'poststart' ]
5 info lifecycle clementinejs-fcc@1.0.1~prestart: clementinejs-fcc@1.0.1
6 verbose lifecycle clementinejs-fcc@1.0.1~prestart: unsafe-perm in lifecycle true
7 verbose lifecycle clementinejs-fcc@1.0.1~prestart: PATH: C:\Program Files\nodejs\node_modules\npm\bin\node-gyp-bin;C:\Users\alexandr.shchelov\Documents\fcc\voting-app\node_modules\.bin;C:\Users\alexandr.shchelov\AppData\Local\GitHub\PortableGit_284a859b0e6deba86edc624fef1e4db2aa8241a9\cmd;C:\Users\alexandr.shchelov\AppData\Local\GitHub\PortableGit_284a859b0e6deba86edc624fef1e4db2aa8241a9\usr\bin;C:\Users\alexandr.shchelov\AppData\Local\GitHub\PortableGit_284a859b0e6deba86edc624fef1e4db2aa8241a9\usr\share\git-tfs;C:\Users\alexandr.shchelov\AppData\Local\Apps\2.0\Y66BLKRK.CBA\G54OR8LY.R3M\gith..tion_317444273a93ac29_0003.0003_83ed0490a76a8c54;C:\Users\alexandr.shchelov\AppData\Local\GitHub\lfs-amd64_1.3.1;C:\ProgramData\Oracle\Java\javapath;C:\Windows\system32;C:\Windows;C:\Windows\System32\Wbem;C:\Windows\System32\WindowsPowerShell\v1.0\;C:\Program Files\nodejs\;C:\Users\alexandr.shchelov\AppData\Roaming\npm;C:\Windows\Microsoft.NET\Framework\v4.0.30319\
8 verbose lifecycle clementinejs-fcc@1.0.1~prestart: CWD: C:\Users\alexandr.shchelov\Documents\fcc\voting-app
9 silly lifecycle clementinejs-fcc@1.0.1~prestart: Args: [ '/d /s /c', 'build' ]
10 silly lifecycle clementinejs-fcc@1.0.1~prestart: Returned: code: 1  signal: null
11 info lifecycle clementinejs-fcc@1.0.1~prestart: Failed to exec prestart script
12 verbose stack Error: clementinejs-fcc@1.0.1 prestart: `build`
12 verbose stack Exit status 1
12 verbose stack     at EventEmitter.<anonymous> (C:\Program Files\nodejs\node_modules\npm\lib\utils\lifecycle.js:255:16)
12 verbose stack     at emitTwo (events.js:106:13)
12 verbose stack     at EventEmitter.emit (events.js:191:7)
12 verbose stack     at ChildProcess.<anonymous> (C:\Program Files\nodejs\node_modules\npm\lib\utils\spawn.js:40:14)
12 verbose stack     at emitTwo (events.js:106:13)
12 verbose stack     at ChildProcess.emit (events.js:191:7)
12 verbose stack     at maybeClose (internal/child_process.js:877:16)
12 verbose stack     at Process.ChildProcess._handle.onexit (internal/child_process.js:226:5)
13 verbose pkgid clementinejs-fcc@1.0.1
14 verbose cwd C:\Users\alexandr.shchelov\Documents\fcc\voting-app
15 error Windows_NT 10.0.10240
16 error argv "C:\\Program Files\\nodejs\\node.exe" "C:\\Program Files\\nodejs\\node_modules\\npm\\bin\\npm-cli.js" "start"
17 error node v6.9.1
18 error npm  v3.10.8
19 error code ELIFECYCLE
20 error clementinejs-fcc@1.0.1 prestart: `build`
20 error Exit status 1
21 error Failed at the clementinejs-fcc@1.0.1 prestart script 'build'.
21 error Make sure you have the latest version of node.js and npm installed.
21 error If you do, this is most likely a problem with the clementinejs-fcc package,
21 error not with npm itself.
21 error Tell the author that this fails on your system:
21 error     build
21 error You can get information on how to open an issue for this project with:
21 error     npm bugs clementinejs-fcc
21 error Or if that isn't available, you can get their info via:
21 error     npm owner ls clementinejs-fcc
21 error There is likely additional logging output above.
22 verbose exit [ 1, true ]
